wear/build/intermediates/manifest_merge_blame_file/debug/processDebugMainManifest/manifest-merger-blame-debug-report.txt
1<?xml version="1.0" encoding="utf-8"?>
2<manifest xmlns:android="http://schemas.android.com/apk/res/android"
3    package="com.example.progetto"
4    android:versionCode="1"
5    android:versionName="1.0" >
6
7    <uses-sdk
8        android:minSdkVersion="30"
9        android:targetSdkVersion="35" />
10
11    <uses-feature android:name="android.hardware.type.watch" />
11-->src/main/AndroidManifest.xml:4:5-64
11-->src/main/AndroidManifest.xml:4:19-61
12
13    <uses-permission android:name="android.permission.BODY_SENSORS" />
13-->src/main/AndroidManifest.xml:6:5-71
13-->src/main/AndroidManifest.xml:6:22-68
14    <uses-permission android:name="android.permission.FOREGROUND_SERVICE" />
14-->src/main/AndroidManifest.xml:7:5-77
14-->src/main/AndroidManifest.xml:7:22-74
15    <uses-permission android:name="android.permission.FOREGROUND_SERVICE_HEALTH" />
15-->src/main/AndroidManifest.xml:8:5-84
15-->src/main/AndroidManifest.xml:8:22-81
16    <uses-permission android:name="android.permission.HIGH_SAMPLING_RATE_SENSORS" />
16-->src/main/AndroidManifest.xml:9:5-85
16-->src/main/AndroidManifest.xml:9:22-82
17    <uses-permission android:name="android.permission.POST_NOTIFICATIONS" />
17-->src/main/AndroidManifest.xml:10:5-77
17-->src/main/AndroidManifest.xml:10:22-74
18    <uses-permission android:name="android.permission.WAKE_LOCK" />
18-->src/main/AndroidManifest.xml:11:5-68
18-->src/main/AndroidManifest.xml:11:22-65
19
20    <permission
20-->[androidx.core:core:1.17.0] AndroidManifest.xml:22:5-24:47
21        android:name="com.example.progetto.DYNAMIC_RECEIVER_NOT_EXPORTED_PERMISSION"
21-->[androidx.core:core:1.17.0] AndroidManifest.xml:23:9-81
22        android:protectionLevel="signature" />
22-->[androidx.core:core:1.17.0] AndroidManifest.xml:24:9-44
23
24    <uses-permission android:name="com.example.progetto.DYNAMIC_RECEIVER_NOT_EXPORTED_PERMISSION" />
24-->[androidx.core:core:1.17.0] AndroidManifest.xml:26:5-97
24-->[androidx.core:core:1.17.0] AndroidManifest.xml:26:22-94
25
26    <application
26-->src/main/AndroidManifest.xml:13:5-60:19
27        android:allowBackup="false"
27-->src/main/AndroidManifest.xml:14:9-36
28        android:appComponentFactory="androidx.core.app.CoreComponentFactory"
28-->[androidx.core:core:1.17.0] AndroidManifest.xml:28:18-86
29        android:debuggable="true"
30        android:extractNativeLibs="false"
31        android:icon="@drawable/ic_wear_launcher"
31-->src/main/AndroidManifest.xml:15:9-50
32        android:label="@string/app_name"
32-->src/main/AndroidManifest.xml:17:9-41
33        android:roundIcon="@drawable/ic_wear_launcher"
33-->src/main/AndroidManifest.xml:16:9-55
34        android:supportsRtl="true"
34-->src/main/AndroidManifest.xml:18:9-35
35        android:theme="@style/Theme.HeartMusicWear" >
35-->src/main/AndroidManifest.xml:19:9-52
36        <uses-library
36-->src/main/AndroidManifest.xml:21:9-23:39
37            android:name="com.google.android.wearable"
37-->src/main/AndroidManifest.xml:22:13-55
38            android:required="true" />
38-->src/main/AndroidManifest.xml:23:13-36
39
40        <meta-data
40-->src/main/AndroidManifest.xml:25:9-27:37
41            android:name="com.google.android.wearable.standalone"
41-->src/main/AndroidManifest.xml:26:13-66
42            android:value="false" />
42-->src/main/AndroidManifest.xml:27:13-34
43
44        <activity
44-->src/main/AndroidManifest.xml:29:9-36:20
45            android:name="com.example.progetto.wear.MainActivity"
45-->src/main/AndroidManifest.xml:30:13-41
46            android:exported="true" >
46-->src/main/AndroidManifest.xml:31:13-36
47            <intent-filter>
47-->src/main/AndroidManifest.xml:32:13-35:29
48                <action android:name="android.intent.action.MAIN" />
48-->src/main/AndroidManifest.xml:33:17-69
48-->src/main/AndroidManifest.xml:33:25-66
49
50                <category android:name="android.intent.category.LAUNCHER" />
50-->src/main/AndroidManifest.xml:34:17-77
50-->src/main/AndroidManifest.xml:34:27-74
51            </intent-filter>
52        </activity>
53
54        <service
54-->src/main/AndroidManifest.xml:38:9-42:54
55            android:name="com.example.progetto.wear.SamplingService"
55-->src/main/AndroidManifest.xml:39:13-44
56            android:enabled="true"
56-->src/main/AndroidManifest.xml:40:13-35
57            android:exported="false"
57-->src/main/AndroidManifest.xml:41:13-37
58            android:foregroundServiceType="health" />
58-->src/main/AndroidManifest.xml:42:13-51
59        <service
59-->src/main/AndroidManifest.xml:44:9-48:54
60            android:name="com.example.progetto.wear.SensorService"
60-->src/main/AndroidManifest.xml:45:13-42
61            android:enabled="true"
61-->src/main/AndroidManifest.xml:46:13-35
62            android:exported="false"
62-->src/main/AndroidManifest.xml:47:13-37
63            android:foregroundServiceType="health" />
63-->src/main/AndroidManifest.xml:48:13-51
64        <service
64-->src/main/AndroidManifest.xml:50:9-59:19
65            android:name="com.example.progetto.wear.SamplingMessageService"
65-->src/main/AndroidManifest.xml:51:13-51
66            android:enabled="true"
66-->src/main/AndroidManifest.xml:52:13-35
67            android:exported="true" >
67-->src/main/AndroidManifest.xml:53:13-36
68            <intent-filter>
68-->src/main/AndroidManifest.xml:54:13-58:29
69                <action android:name="com.google.android.gms.wearable.MESSAGE_RECEIVED" />
69-->src/main/AndroidManifest.xml:55:17-91
69-->src/main/AndroidManifest.xml:55:25-88
70
71                <data
71-->src/main/AndroidManifest.xml:56:17-101
72                    android:host="*"
72-->src/main/AndroidManifest.xml:56:45-61
73                    android:pathPrefix="/start_sampling"
73-->src/main/AndroidManifest.xml:56:62-98
74                    android:scheme="wear" />
74-->src/main/AndroidManifest.xml:56:23-44
75                <data
75-->src/main/AndroidManifest.xml:56:17-101
76                    android:host="*"
76-->src/main/AndroidManifest.xml:56:45-61
77                    android:pathPrefix="/check_health"
77-->src/main/AndroidManifest.xml:56:62-98
78                    android:scheme="wear" />
78-->src/main/AndroidManifest.xml:56:23-44
79            </intent-filter>
80        </service>
81
82        <activity
82-->[com.google.android.gms:play-services-base:18.5.0] AndroidManifest.xml:5:9-173
83            android:name="com.google.android.gms.common.api.GoogleApiActivity"
83-->[com.google.android.gms:play-services-base:18.5.0] AndroidManifest.xml:5:19-85
84            android:exported="false"
84-->[com.google.android.gms:play-services-base:18.5.0] AndroidManifest.xml:5:146-170
85            android:theme="@android:style/Theme.Translucent.NoTitleBar" />
85-->[com.google.android.gms:play-services-base:18.5.0] AndroidManifest.xml:5:86-145
86
87        <meta-data
87-->[com.google.android.gms:play-services-basement:18.4.0] AndroidManifest.xml:6:9-122
88            android:name="com.google.android.gms.version"
88-->[com.google.android.gms:play-services-basement:18.4.0] AndroidManifest.xml:6:20-65
89            android:value="@integer/google_play_services_version" />
89-->[com.google.android.gms:play-services-basement:18.4.0] AndroidManifest.xml:6:66-119
90
91        <provider
91-->[androidx.profileinstaller:profileinstaller:1.3.0] AndroidManifest.xml:24:9-32:20
92            android:name="androidx.startup.InitializationProvider"
92-->[androidx.profileinstaller:profileinstaller:1.3.0] AndroidManifest.xml:25:13-67
93            android:authorities="com.example.progetto.androidx-startup"
93-->[androidx.profileinstaller:profileinstaller:1.3.0] AndroidManifest.xml:26:13-68
94            android:exported="false" >
94-->[androidx.profileinstaller:profileinstaller:1.3.0] AndroidManifest.xml:27:13-37
95            <meta-data
95-->[androidx.profileinstaller:profileinstaller:1.3.0] AndroidManifest.xml:29:13-31:52
96                android:name="androidx.profileinstaller.ProfileInstallerInitializer"
96-->[androidx.profileinstaller:profileinstaller:1.3.0] AndroidManifest.xml:30:17-85
97                android:value="androidx.startup" />
97-->[androidx.profileinstaller:profileinstaller:1.3.0] AndroidManifest.xml:31:17-49
98        </provider>
99
100        <receiver
100-->[androidx.profileinstaller:profileinstaller:1.3.0] AndroidManifest.xml:34:9-52:20
101            android:name="androidx.profileinstaller.ProfileInstallReceiver"
101-->[androidx.profileinstaller:profileinstaller:1.3.0] AndroidManifest.xml:35:13-76
102            android:directBootAware="false"
102-->[androidx.profileinstaller:profileinstaller:1.3.0] AndroidManifest.xml:36:13-44
103            android:enabled="true"
103-->[androidx.profileinstaller:profileinstaller:1.3.0] AndroidManifest.xml:37:13-35
104            android:exported="true"
104-->[androidx.profileinstaller:profileinstaller:1.3.0] AndroidManifest.xml:38:13-36
105            android:permission="android.permission.DUMP" >
105-->[androidx.profileinstaller:profileinstaller:1.3.0] AndroidManifest.xml:39:13-57
106            <intent-filter>
106-->[androidx.profileinstaller:profileinstaller:1.3.0] AndroidManifest.xml:40:13-42:29
107                <action android:name="androidx.profileinstaller.action.INSTALL_PROFILE" />
107-->[androidx.profileinstaller:profileinstaller:1.3.0] AndroidManifest.xml:41:17-91
107-->[androidx.profileinstaller:profileinstaller:1.3.0] AndroidManifest.xml:41:25-88
108            </intent-filter>
109            <intent-filter>
109-->[androidx.profileinstaller:profileinstaller:1.3.0] AndroidManifest.xml:43:13-45:29
110                <action android:name="androidx.profileinstaller.action.SKIP_FILE" />
110-->[androidx.profileinstaller:profileinstaller:1.3.0] AndroidManifest.xml:44:17-85
110-->[androidx.profileinstaller:profileinstaller:1.3.0] AndroidManifest.xml:44:25-82
111            </intent-filter>
112            <intent-filter>
112-->[androidx.profileinstaller:profileinstaller:1.3.0] AndroidManifest.xml:46:13-48:29
113                <action android:name="androidx.profileinstaller.action.SAVE_PROFILE" />
113-->[androidx.profileinstaller:profileinstaller:1.3.0] AndroidManifest.xml:47:17-88
113-->[androidx.profileinstaller:profileinstaller:1.3.0] AndroidManifest.xml:47:25-85
114            </intent-filter>
115            <intent-filter>
115-->[androidx.profileinstaller:profileinstaller:1.3.0] AndroidManifest.xml:49:13-51:29
116                <action android:name="androidx.profileinstaller.action.BENCHMARK_OPERATION" />
116-->[androidx.profileinstaller:profileinstaller:1.3.0] AndroidManifest.xml:50:17-95
116-->[androidx.profileinstaller:profileinstaller:1.3.0] AndroidManifest.xml:50:25-92
117            </intent-filter>
118        </receiver>
119    </application>
120
121</manifest>